This file contains any messages produced by compilers while
running configure, to aid debugging if configure makes a mistake.

It was created by ht configure 2.1.0, which was
generated by GNU Autoconf 2.69.  Invocation command line was

  $ ./configure --enable-release

## --------- ##
## Platform. ##
## --------- ##

hostname = DadsPC
uname -m = x86_64
uname -r = 4.4.0-57-generic
uname -s = Linux
uname -v = #78-Ubuntu SMP Fri Dec 9 23:50:32 UTC 2016

/usr/bin/uname -p = unknown
/bin/uname -X     = unknown

/bin/arch              = unknown
/usr/bin/arch -k       = unknown
/usr/convex/getsysinfo = unknown
/usr/bin/hostinfo      = unknown
/bin/machine           = unknown
/usr/bin/oslevel       = unknown
/bin/universe          = unknown

PATH: /home/dad/.local/share/umake/bin
PATH: /usr/local/sbin
PATH: /usr/local/bin
PATH: /usr/sbin
PATH: /usr/bin
PATH: /sbin
PATH: /bin
PATH: /usr/games
PATH: /usr/local/games
PATH: /snap/bin


## ----------- ##
## Core tests. ##
## ----------- ##

configure:2468: checking build system type
configure:2482: result: x86_64-unknown-linux-gnu
configure:2502: checking host system type
configure:2515: result: x86_64-unknown-linux-gnu
configure:2535: checking target system type
configure:2548: result: x86_64-unknown-linux-gnu
configure:2633: checking for a BSD-compatible install
configure:2701: result: /usr/bin/install -c
configure:2712: checking whether build environment is sane
configure:2767: result: yes
configure:2918: checking for a thread-safe mkdir -p
configure:2957: result: /bin/mkdir -p
configure:2964: checking for gawk
configure:2980: found /usr/bin/gawk
configure:2991: result: gawk
configure:3002: checking whether make sets $(MAKE)
configure:3024: result: yes
configure:3053: checking whether make supports nested variables
configure:3070: result: yes
configure:3323: checking for ranlib
configure:3339: found /usr/bin/ranlib
configure:3350: result: ranlib
configure:3376: checking for gmake
configure:3409: result: no
configure:3376: checking for make
configure:3394: found /usr/bin/make
configure:3406: result: /usr/bin/make
configure:3418: checking whether /usr/bin/make sets $(MAKE)
configure:3440: result: yes
configure:3497: checking for gcc
configure:3513: found /usr/bin/gcc
configure:3524: result: gcc
configure:3753: checking for C compiler version
configure:3762: gcc --version >&5
gcc (Ubuntu 5.4.0-6ubuntu1~16.04.4) 5.4.0 20160609
Copyright (C) 2015 Free Software Foundation, Inc.
This is free software; see the source for copying conditions.  There is NO
warranty; not even for MERCHANTABILITY or FITNESS FOR A PARTICULAR PURPOSE.

configure:3773: $? = 0
configure:3762: gcc -v >&5
Using built-in specs.
COLLECT_GCC=gcc
COLLECT_LTO_WRAPPER=/usr/lib/gcc/x86_64-linux-gnu/5/lto-wrapper
Target: x86_64-linux-gnu
Configured with: ../src/configure -v --with-pkgversion='Ubuntu 5.4.0-6ubuntu1~16.04.4' --with-bugurl=file:///usr/share/doc/gcc-5/README.Bugs --enable-languages=c,ada,c++,java,go,d,fortran,objc,obj-c++ --prefix=/usr --program-suffix=-5 --enable-shared --enable-linker-build-id --libexecdir=/usr/lib --without-included-gettext --enable-threads=posix --libdir=/usr/lib --enable-nls --with-sysroot=/ --enable-clocale=gnu --enable-libstdcxx-debug --enable-libstdcxx-time=yes --with-default-libstdcxx-abi=new --enable-gnu-unique-object --disable-vtable-verify --enable-libmpx --enable-plugin --with-system-zlib --disable-browser-plugin --enable-java-awt=gtk --enable-gtk-cairo --with-java-home=/usr/lib/jvm/java-1.5.0-gcj-5-amd64/jre --enable-java-home --with-jvm-root-dir=/usr/lib/jvm/java-1.5.0-gcj-5-amd64 --with-jvm-jar-dir=/usr/lib/jvm-exports/java-1.5.0-gcj-5-amd64 --with-arch-directory=amd64 --with-ecj-jar=/usr/share/java/eclipse-ecj.jar --enable-objc-gc --enable-multiarch --disable-werror --with-arch-32=i686 --with-abi=m64 --with-multilib-list=m32,m64,mx32 --enable-multilib --with-tune=generic --enable-checking=release --build=x86_64-linux-gnu --host=x86_64-linux-gnu --target=x86_64-linux-gnu
Thread model: posix
gcc version 5.4.0 20160609 (Ubuntu 5.4.0-6ubuntu1~16.04.4) 
configure:3773: $? = 0
configure:3762: gcc -V >&5
gcc: error: unrecognized command line option '-V'
gcc: fatal error: no input files
compilation terminated.
configure:3773: $? = 1
configure:3762: gcc -qversion >&5
gcc: error: unrecognized command line option '-qversion'
gcc: fatal error: no input files
compilation terminated.
configure:3773: $? = 1
configure:3793: checking whether the C compiler works
configure:3815: gcc -DNOMACROS -pipe -O3 -fomit-frame-pointer -Wall -fsigned-char -D_LARGEFILE_SOURCE -D_FILE_OFFSET_BITS=64    conftest.c  >&5
configure:3819: $? = 0
configure:3867: result: yes
configure:3870: checking for C compiler default output file name
configure:3872: result: a.out
configure:3878: checking for suffix of executables
configure:3885: gcc -o conftest -DNOMACROS -pipe -O3 -fomit-frame-pointer -Wall -fsigned-char -D_LARGEFILE_SOURCE -D_FILE_OFFSET_BITS=64    conftest.c  >&5
configure:3889: $? = 0
configure:3911: result: 
configure:3933: checking whether we are cross compiling
configure:3941: gcc -o conftest -DNOMACROS -pipe -O3 -fomit-frame-pointer -Wall -fsigned-char -D_LARGEFILE_SOURCE -D_FILE_OFFSET_BITS=64    conftest.c  >&5
configure:3945: $? = 0
configure:3952: ./conftest
configure:3956: $? = 0
configure:3971: result: no
configure:3976: checking for suffix of object files
configure:3998: gcc -c -DNOMACROS -pipe -O3 -fomit-frame-pointer -Wall -fsigned-char -D_LARGEFILE_SOURCE -D_FILE_OFFSET_BITS=64   conftest.c >&5
configure:4002: $? = 0
configure:4023: result: o
configure:4027: checking whether we are using the GNU C compiler
configure:4046: gcc -c -DNOMACROS -pipe -O3 -fomit-frame-pointer -Wall -fsigned-char -D_LARGEFILE_SOURCE -D_FILE_OFFSET_BITS=64   conftest.c >&5
configure:4046: $? = 0
configure:4055: result: yes
configure:4064: checking whether gcc accepts -g
configure:4084: gcc -c -g  conftest.c >&5
configure:4084: $? = 0
configure:4125: result: yes
configure:4142: checking for gcc option to accept ISO C89
configure:4205: gcc  -c -DNOMACROS -pipe -O3 -fomit-frame-pointer -Wall -fsigned-char -D_LARGEFILE_SOURCE -D_FILE_OFFSET_BITS=64   conftest.c >&5
configure:4205: $? = 0
configure:4218: result: none needed
configure:4243: checking whether gcc understands -c and -o together
configure:4265: gcc -c conftest.c -o conftest2.o
configure:4268: $? = 0
configure:4265: gcc -c conftest.c -o conftest2.o
configure:4268: $? = 0
configure:4280: result: yes
configure:4308: checking for style of include used by /usr/bin/make
configure:4336: result: GNU
configure:4362: checking dependency style of gcc
configure:4473: result: gcc3
configure:4493: checking how to run the C preprocessor
configure:4524: gcc -E  conftest.c
configure:4524: $? = 0
configure:4538: gcc -E  conftest.c
conftest.c:12:28: fatal error: ac_nonexistent.h: No such file or directory
compilation terminated.
configure:4538: $? = 1
configure: failed program was:
| /* confdefs.h */
| #define PACKAGE_NAME "ht"
| #define PACKAGE_TARNAME "ht"
| #define PACKAGE_VERSION "2.1.0"
| #define PACKAGE_STRING "ht 2.1.0"
| #define PACKAGE_BUGREPORT "https://sourceforge.net/tracker/?group_id=1066"
| #define PACKAGE_URL ""
| #define PACKAGE "ht"
| #define VERSION "2.1.0"
| #define SYSTEM_OSAPI_SPECIFIC_TYPES_HDR "io/posix/types.h"
| /* end confdefs.h.  */
| #include <ac_nonexistent.h>
configure:4563: result: gcc -E
configure:4583: gcc -E  conftest.c
configure:4583: $? = 0
configure:4597: gcc -E  conftest.c
conftest.c:12:28: fatal error: ac_nonexistent.h: No such file or directory
compilation terminated.
configure:4597: $? = 1
configure: failed program was:
| /* confdefs.h */
| #define PACKAGE_NAME "ht"
| #define PACKAGE_TARNAME "ht"
| #define PACKAGE_VERSION "2.1.0"
| #define PACKAGE_STRING "ht 2.1.0"
| #define PACKAGE_BUGREPORT "https://sourceforge.net/tracker/?group_id=1066"
| #define PACKAGE_URL ""
| #define PACKAGE "ht"
| #define VERSION "2.1.0"
| #define SYSTEM_OSAPI_SPECIFIC_TYPES_HDR "io/posix/types.h"
| /* end confdefs.h.  */
| #include <ac_nonexistent.h>
configure:4683: checking for g++
configure:4699: found /usr/bin/g++
configure:4710: result: g++
configure:4737: checking for C++ compiler version
configure:4746: g++ --version >&5
g++ (Ubuntu 5.4.0-6ubuntu1~16.04.4) 5.4.0 20160609
Copyright (C) 2015 Free Software Foundation, Inc.
This is free software; see the source for copying conditions.  There is NO
warranty; not even for MERCHANTABILITY or FITNESS FOR A PARTICULAR PURPOSE.

configure:4757: $? = 0
configure:4746: g++ -v >&5
Using built-in specs.
COLLECT_GCC=g++
COLLECT_LTO_WRAPPER=/usr/lib/gcc/x86_64-linux-gnu/5/lto-wrapper
Target: x86_64-linux-gnu
Configured with: ../src/configure -v --with-pkgversion='Ubuntu 5.4.0-6ubuntu1~16.04.4' --with-bugurl=file:///usr/share/doc/gcc-5/README.Bugs --enable-languages=c,ada,c++,java,go,d,fortran,objc,obj-c++ --prefix=/usr --program-suffix=-5 --enable-shared --enable-linker-build-id --libexecdir=/usr/lib --without-included-gettext --enable-threads=posix --libdir=/usr/lib --enable-nls --with-sysroot=/ --enable-clocale=gnu --enable-libstdcxx-debug --enable-libstdcxx-time=yes --with-default-libstdcxx-abi=new --enable-gnu-unique-object --disable-vtable-verify --enable-libmpx --enable-plugin --with-system-zlib --disable-browser-plugin --enable-java-awt=gtk --enable-gtk-cairo --with-java-home=/usr/lib/jvm/java-1.5.0-gcj-5-amd64/jre --enable-java-home --with-jvm-root-dir=/usr/lib/jvm/java-1.5.0-gcj-5-amd64 --with-jvm-jar-dir=/usr/lib/jvm-exports/java-1.5.0-gcj-5-amd64 --with-arch-directory=amd64 --with-ecj-jar=/usr/share/java/eclipse-ecj.jar --enable-objc-gc --enable-multiarch --disable-werror --with-arch-32=i686 --with-abi=m64 --with-multilib-list=m32,m64,mx32 --enable-multilib --with-tune=generic --enable-checking=release --build=x86_64-linux-gnu --host=x86_64-linux-gnu --target=x86_64-linux-gnu
Thread model: posix
gcc version 5.4.0 20160609 (Ubuntu 5.4.0-6ubuntu1~16.04.4) 
configure:4757: $? = 0
configure:4746: g++ -V >&5
g++: error: unrecognized command line option '-V'
g++: fatal error: no input files
compilation terminated.
configure:4757: $? = 1
configure:4746: g++ -qversion >&5
g++: error: unrecognized command line option '-qversion'
g++: fatal error: no input files
compilation terminated.
configure:4757: $? = 1
configure:4761: checking whether we are using the GNU C++ compiler
configure:4780: g++ -c -DNOMACROS -pipe -O3 -fomit-frame-pointer -Wall -fsigned-char -D_LARGEFILE_SOURCE -D_FILE_OFFSET_BITS=64 -Woverloaded-virtual -Wnon-virtual-dtor   conftest.cpp >&5
configure:4780: $? = 0
configure:4789: result: yes
configure:4798: checking whether g++ accepts -g
configure:4818: g++ -c -g  conftest.cpp >&5
configure:4818: $? = 0
configure:4859: result: yes
configure:4884: checking dependency style of g++
configure:4995: result: gcc3
configure:5014: checking for bison
configure:5044: result: no
configure:5014: checking for byacc
configure:5044: result: no
configure:5058: checking for flex
configure:5088: result: no
configure:5058: checking for lex
configure:5088: result: no
configure:5218: checking for ar
configure:5236: found /usr/bin/ar
configure:5248: result: /usr/bin/ar
configure:5258: checking for gar
configure:5288: result: /usr/bin/ar
configure:5327: checking whether to use the included lzo compression library
configure:5329: result: no
configure:5334: checking for lzo1x_1_compress in -llzo2
configure:5359: gcc -o conftest -DNOMACROS -pipe -O3 -fomit-frame-pointer -Wall -fsigned-char -D_LARGEFILE_SOURCE -D_FILE_OFFSET_BITS=64    conftest.c -llzo2   >&5
/usr/bin/ld: cannot find -llzo2
collect2: error: ld returned 1 exit status
configure:5359: $? = 1
configure: failed program was:
| /* confdefs.h */
| #define PACKAGE_NAME "ht"
| #define PACKAGE_TARNAME "ht"
| #define PACKAGE_VERSION "2.1.0"
| #define PACKAGE_STRING "ht 2.1.0"
| #define PACKAGE_BUGREPORT "https://sourceforge.net/tracker/?group_id=1066"
| #define PACKAGE_URL ""
| #define PACKAGE "ht"
| #define VERSION "2.1.0"
| #define SYSTEM_OSAPI_SPECIFIC_TYPES_HDR "io/posix/types.h"
| /* end confdefs.h.  */
| 
| /* Override any GCC internal prototype to avoid an error.
|    Use char because int might match the return type of a GCC
|    builtin and then its argument prototype would still apply.  */
| #ifdef __cplusplus
| extern "C"
| #endif
| char lzo1x_1_compress ();
| int
| main ()
| {
| return lzo1x_1_compress ();
|   ;
|   return 0;
| }
configure:5368: result: no
configure:5375: checking for lzo1x_1_compress in -llzo
configure:5400: gcc -o conftest -DNOMACROS -pipe -O3 -fomit-frame-pointer -Wall -fsigned-char -D_LARGEFILE_SOURCE -D_FILE_OFFSET_BITS=64    conftest.c -llzo   >&5
/usr/bin/ld: cannot find -llzo
collect2: error: ld returned 1 exit status
configure:5400: $? = 1
configure: failed program was:
| /* confdefs.h */
| #define PACKAGE_NAME "ht"
| #define PACKAGE_TARNAME "ht"
| #define PACKAGE_VERSION "2.1.0"
| #define PACKAGE_STRING "ht 2.1.0"
| #define PACKAGE_BUGREPORT "https://sourceforge.net/tracker/?group_id=1066"
| #define PACKAGE_URL ""
| #define PACKAGE "ht"
| #define VERSION "2.1.0"
| #define SYSTEM_OSAPI_SPECIFIC_TYPES_HDR "io/posix/types.h"
| /* end confdefs.h.  */
| 
| /* Override any GCC internal prototype to avoid an error.
|    Use char because int might match the return type of a GCC
|    builtin and then its argument prototype would still apply.  */
| #ifdef __cplusplus
| extern "C"
| #endif
| char lzo1x_1_compress ();
| int
| main ()
| {
| return lzo1x_1_compress ();
|   ;
|   return 0;
| }
configure:5409: result: no
configure:5418: WARNING: ***
*** Could not find liblzo or liblzo2. Will use the included minilzo.

configure:5745: checking for XOpenDisplay in -lX11
configure:5770: gcc -o conftest -DNOMACROS -pipe -O3 -fomit-frame-pointer -Wall -fsigned-char -D_LARGEFILE_SOURCE -D_FILE_OFFSET_BITS=64    -L/usr/X11/lib -L/usr/X11R6/lib conftest.c -lX11   >&5
configure:5770: $? = 0
configure:5779: result: yes
configure:5795: checking for ANSI C header files
configure:5815: gcc -c -DNOMACROS -pipe -O3 -fomit-frame-pointer -Wall -fsigned-char -D_LARGEFILE_SOURCE -D_FILE_OFFSET_BITS=64   conftest.c >&5
configure:5815: $? = 0
configure:5899: result: no
configure:5909: checking stdlib.h usability
configure:5909: gcc -c -DNOMACROS -pipe -O3 -fomit-frame-pointer -Wall -fsigned-char -D_LARGEFILE_SOURCE -D_FILE_OFFSET_BITS=64   conftest.c >&5
configure:5909: $? = 0
configure:5909: result: yes
configure:5909: checking stdlib.h presence
configure:5909: gcc -E  conftest.c
configure:5909: $? = 0
configure:5909: result: yes
configure:5909: checking for stdlib.h
configure:5909: result: yes
configure:5921: checking string.h usability
configure:5921: gcc -c -DNOMACROS -pipe -O3 -fomit-frame-pointer -Wall -fsigned-char -D_LARGEFILE_SOURCE -D_FILE_OFFSET_BITS=64   conftest.c >&5
configure:5921: $? = 0
configure:5921: result: yes
configure:5921: checking string.h presence
configure:5921: gcc -E  conftest.c
configure:5921: $? = 0
configure:5921: result: yes
configure:5921: checking for string.h
configure:5921: result: yes
configure:5933: checking stdint.h usability
configure:5933: gcc -c -DNOMACROS -pipe -O3 -fomit-frame-pointer -Wall -fsigned-char -D_LARGEFILE_SOURCE -D_FILE_OFFSET_BITS=64   conftest.c >&5
configure:5933: $? = 0
configure:5933: result: yes
configure:5933: checking stdint.h presence
configure:5933: gcc -E  conftest.c
configure:5933: $? = 0
configure:5933: result: yes
configure:5933: checking for stdint.h
configure:5933: result: yes
configure:5948: checking ncurses.h usability
configure:5948: gcc -c -DNOMACROS -pipe -O3 -fomit-frame-pointer -Wall -fsigned-char -D_LARGEFILE_SOURCE -D_FILE_OFFSET_BITS=64   conftest.c >&5
configure:5948: $? = 0
configure:5948: result: yes
configure:5948: checking ncurses.h presence
configure:5948: gcc -E  conftest.c
configure:5948: $? = 0
configure:5948: result: yes
configure:5948: checking for ncurses.h
configure:5948: result: yes
configure:5986: checking for an ANSI C-conforming const
configure:6052: gcc -c -DNOMACROS -pipe -O3 -fomit-frame-pointer -Wall -fsigned-char -D_LARGEFILE_SOURCE -D_FILE_OFFSET_BITS=64   conftest.c >&5
configure:6052: $? = 0
configure:6059: result: yes
configure:6072: checking size of char
configure:6077: gcc -o conftest -DNOMACROS -pipe -O3 -fomit-frame-pointer -Wall -fsigned-char -D_LARGEFILE_SOURCE -D_FILE_OFFSET_BITS=64    conftest.c  >&5
configure:6077: $? = 0
configure:6077: ./conftest
configure:6077: $? = 0
configure:6091: result: 1
configure:6105: checking size of short
configure:6110: gcc -o conftest -DNOMACROS -pipe -O3 -fomit-frame-pointer -Wall -fsigned-char -D_LARGEFILE_SOURCE -D_FILE_OFFSET_BITS=64    conftest.c  >&5
configure:6110: $? = 0
configure:6110: ./conftest
configure:6110: $? = 0
configure:6124: result: 2
configure:6138: checking size of int
configure:6143: gcc -o conftest -DNOMACROS -pipe -O3 -fomit-frame-pointer -Wall -fsigned-char -D_LARGEFILE_SOURCE -D_FILE_OFFSET_BITS=64    conftest.c  >&5
configure:6143: $? = 0
configure:6143: ./conftest
configure:6143: $? = 0
configure:6157: result: 4
configure:6171: checking size of long int
configure:6176: gcc -o conftest -DNOMACROS -pipe -O3 -fomit-frame-pointer -Wall -fsigned-char -D_LARGEFILE_SOURCE -D_FILE_OFFSET_BITS=64    conftest.c  >&5
configure:6176: $? = 0
configure:6176: ./conftest
configure:6176: $? = 0
configure:6190: result: 8
configure:6204: checking for asinh
configure:6204: gcc -o conftest -DNOMACROS -pipe -O3 -fomit-frame-pointer -Wall -fsigned-char -D_LARGEFILE_SOURCE -D_FILE_OFFSET_BITS=64    conftest.c  >&5
conftest.c:46:6: warning: conflicting types for built-in function 'asinh'
 char asinh ();
      ^
/tmp/ccsfTBEf.o: In function `main':
conftest.c:(.text.startup+0x7): undefined reference to `asinh'
collect2: error: ld returned 1 exit status
configure:6204: $? = 1
configure: failed program was:
| /* confdefs.h */
| #define PACKAGE_NAME "ht"
| #define PACKAGE_TARNAME "ht"
| #define PACKAGE_VERSION "2.1.0"
| #define PACKAGE_STRING "ht 2.1.0"
| #define PACKAGE_BUGREPORT "https://sourceforge.net/tracker/?group_id=1066"
| #define PACKAGE_URL ""
| #define PACKAGE "ht"
| #define VERSION "2.1.0"
| #define SYSTEM_OSAPI_SPECIFIC_TYPES_HDR "io/posix/types.h"
| #define USE_MINILZO 1
| #define HAVE_TEXTMODE_X11 1
| #define HAVE_STDLIB_H 1
| #define HAVE_STRING_H 1
| #define HAVE_STDINT_H 1
| #define HAVE_NCURSES_H 1
| #define CURSES_HDR <ncurses.h>
| #define SIZEOF_CHAR 1
| #define SIZEOF_SHORT 2
| #define SIZEOF_INT 4
| #define SIZEOF_LONG_INT 8
| /* end confdefs.h.  */
| /* Define asinh to an innocuous variant, in case <limits.h> declares asinh.
|    For example, HP-UX 11i <limits.h> declares gettimeofday.  */
| #define asinh innocuous_asinh
| 
| /* System header to define __stub macros and hopefully few prototypes,
|     which can conflict with char asinh (); below.
|     Prefer <limits.h> to <assert.h> if __STDC__ is defined, since
|     <limits.h> exists even on freestanding compilers.  */
| 
| #ifdef __STDC__
| # include <limits.h>
| #else
| # include <assert.h>
| #endif
| 
| #undef asinh
| 
| /* Override any GCC internal prototype to avoid an error.
|    Use char because int might match the return type of a GCC
|    builtin and then its argument prototype would still apply.  */
| #ifdef __cplusplus
| extern "C"
| #endif
| char asinh ();
| /* The GNU C library defines this for functions which it implements
|     to always fail with ENOSYS.  Some functions are actually named
|     something starting with __ and the normal name is an alias.  */
| #if defined __stub_asinh || defined __stub___asinh
| choke me
| #endif
| 
| int
| main ()
| {
| return asinh ();
|   ;
|   return 0;
| }
configure:6204: result: no
configure:6204: checking for acosh
configure:6204: gcc -o conftest -DNOMACROS -pipe -O3 -fomit-frame-pointer -Wall -fsigned-char -D_LARGEFILE_SOURCE -D_FILE_OFFSET_BITS=64    conftest.c  >&5
conftest.c:46:6: warning: conflicting types for built-in function 'acosh'
 char acosh ();
      ^
/tmp/cc1f5Vwi.o: In function `main':
conftest.c:(.text.startup+0x7): undefined reference to `acosh'
collect2: error: ld returned 1 exit status
configure:6204: $? = 1
configure: failed program was:
| /* confdefs.h */
| #define PACKAGE_NAME "ht"
| #define PACKAGE_TARNAME "ht"
| #define PACKAGE_VERSION "2.1.0"
| #define PACKAGE_STRING "ht 2.1.0"
| #define PACKAGE_BUGREPORT "https://sourceforge.net/tracker/?group_id=1066"
| #define PACKAGE_URL ""
| #define PACKAGE "ht"
| #define VERSION "2.1.0"
| #define SYSTEM_OSAPI_SPECIFIC_TYPES_HDR "io/posix/types.h"
| #define USE_MINILZO 1
| #define HAVE_TEXTMODE_X11 1
| #define HAVE_STDLIB_H 1
| #define HAVE_STRING_H 1
| #define HAVE_STDINT_H 1
| #define HAVE_NCURSES_H 1
| #define CURSES_HDR <ncurses.h>
| #define SIZEOF_CHAR 1
| #define SIZEOF_SHORT 2
| #define SIZEOF_INT 4
| #define SIZEOF_LONG_INT 8
| /* end confdefs.h.  */
| /* Define acosh to an innocuous variant, in case <limits.h> declares acosh.
|    For example, HP-UX 11i <limits.h> declares gettimeofday.  */
| #define acosh innocuous_acosh
| 
| /* System header to define __stub macros and hopefully few prototypes,
|     which can conflict with char acosh (); below.
|     Prefer <limits.h> to <assert.h> if __STDC__ is defined, since
|     <limits.h> exists even on freestanding compilers.  */
| 
| #ifdef __STDC__
| # include <limits.h>
| #else
| # include <assert.h>
| #endif
| 
| #undef acosh
| 
| /* Override any GCC internal prototype to avoid an error.
|    Use char because int might match the return type of a GCC
|    builtin and then its argument prototype would still apply.  */
| #ifdef __cplusplus
| extern "C"
| #endif
| char acosh ();
| /* The GNU C library defines this for functions which it implements
|     to always fail with ENOSYS.  Some functions are actually named
|     something starting with __ and the normal name is an alias.  */
| #if defined __stub_acosh || defined __stub___acosh
| choke me
| #endif
| 
| int
| main ()
| {
| return acosh ();
|   ;
|   return 0;
| }
configure:6204: result: no
configure:6204: checking for atanh
configure:6204: gcc -o conftest -DNOMACROS -pipe -O3 -fomit-frame-pointer -Wall -fsigned-char -D_LARGEFILE_SOURCE -D_FILE_OFFSET_BITS=64    conftest.c  >&5
conftest.c:46:6: warning: conflicting types for built-in function 'atanh'
 char atanh ();
      ^
/tmp/cc98CRqm.o: In function `main':
conftest.c:(.text.startup+0x7): undefined reference to `atanh'
collect2: error: ld returned 1 exit status
configure:6204: $? = 1
configure: failed program was:
| /* confdefs.h */
| #define PACKAGE_NAME "ht"
| #define PACKAGE_TARNAME "ht"
| #define PACKAGE_VERSION "2.1.0"
| #define PACKAGE_STRING "ht 2.1.0"
| #define PACKAGE_BUGREPORT "https://sourceforge.net/tracker/?group_id=1066"
| #define PACKAGE_URL ""
| #define PACKAGE "ht"
| #define VERSION "2.1.0"
| #define SYSTEM_OSAPI_SPECIFIC_TYPES_HDR "io/posix/types.h"
| #define USE_MINILZO 1
| #define HAVE_TEXTMODE_X11 1
| #define HAVE_STDLIB_H 1
| #define HAVE_STRING_H 1
| #define HAVE_STDINT_H 1
| #define HAVE_NCURSES_H 1
| #define CURSES_HDR <ncurses.h>
| #define SIZEOF_CHAR 1
| #define SIZEOF_SHORT 2
| #define SIZEOF_INT 4
| #define SIZEOF_LONG_INT 8
| /* end confdefs.h.  */
| /* Define atanh to an innocuous variant, in case <limits.h> declares atanh.
|    For example, HP-UX 11i <limits.h> declares gettimeofday.  */
| #define atanh innocuous_atanh
| 
| /* System header to define __stub macros and hopefully few prototypes,
|     which can conflict with char atanh (); below.
|     Prefer <limits.h> to <assert.h> if __STDC__ is defined, since
|     <limits.h> exists even on freestanding compilers.  */
| 
| #ifdef __STDC__
| # include <limits.h>
| #else
| # include <assert.h>
| #endif
| 
| #undef atanh
| 
| /* Override any GCC internal prototype to avoid an error.
|    Use char because int might match the return type of a GCC
|    builtin and then its argument prototype would still apply.  */
| #ifdef __cplusplus
| extern "C"
| #endif
| char atanh ();
| /* The GNU C library defines this for functions which it implements
|     to always fail with ENOSYS.  Some functions are actually named
|     something starting with __ and the normal name is an alias.  */
| #if defined __stub_atanh || defined __stub___atanh
| choke me
| #endif
| 
| int
| main ()
| {
| return atanh ();
|   ;
|   return 0;
| }
configure:6204: result: no
configure:6325: checking that generated files are newer than configure
configure:6331: result: done
configure:6374: creating ./config.status

## ---------------------- ##
## Running config.status. ##
## ---------------------- ##

This file was extended by ht config.status 2.1.0, which was
generated by GNU Autoconf 2.69.  Invocation command line was

  CONFIG_FILES    = 
  CONFIG_HEADERS  = 
  CONFIG_LINKS    = 
  CONFIG_COMMANDS = 
  $ ./config.status 

on DadsPC

config.status:903: creating Makefile
config.status:903: creating analyser/Makefile
config.status:903: creating asm/Makefile
config.status:903: creating doc/Makefile
config.status:903: creating eval/Makefile
config.status:903: creating info/Makefile
config.status:903: creating io/Makefile
config.status:903: creating io/posix/Makefile
config.status:903: creating io/win32/Makefile
config.status:903: creating minilzo/Makefile
config.status:903: creating output/Makefile
config.status:903: creating tools/Makefile
config.status:903: creating config.h
config.status:1132: executing depfiles commands

## ---------------- ##
## Cache variables. ##
## ---------------- ##

ac_cv_build=x86_64-unknown-linux-gnu
ac_cv_c_compiler_gnu=yes
ac_cv_c_const=yes
ac_cv_cxx_compiler_gnu=yes
ac_cv_env_CCC_set=
ac_cv_env_CCC_value=
ac_cv_env_CC_set=
ac_cv_env_CC_value=
ac_cv_env_CFLAGS_set=
ac_cv_env_CFLAGS_value=
ac_cv_env_CPPFLAGS_set=
ac_cv_env_CPPFLAGS_value=
ac_cv_env_CPP_set=
ac_cv_env_CPP_value=
ac_cv_env_CXXFLAGS_set=
ac_cv_env_CXXFLAGS_value=
ac_cv_env_CXX_set=
ac_cv_env_CXX_value=
ac_cv_env_LDFLAGS_set=
ac_cv_env_LDFLAGS_value=
ac_cv_env_LIBS_set=
ac_cv_env_LIBS_value=
ac_cv_env_YACC_set=
ac_cv_env_YACC_value=
ac_cv_env_YFLAGS_set=
ac_cv_env_YFLAGS_value=
ac_cv_env_build_alias_set=
ac_cv_env_build_alias_value=
ac_cv_env_host_alias_set=
ac_cv_env_host_alias_value=
ac_cv_env_target_alias_set=
ac_cv_env_target_alias_value=
ac_cv_func_acosh=no
ac_cv_func_asinh=no
ac_cv_func_atanh=no
ac_cv_header_ncurses_h=yes
ac_cv_header_stdc=no
ac_cv_header_stdint_h=yes
ac_cv_header_stdlib_h=yes
ac_cv_header_string_h=yes
ac_cv_host=x86_64-unknown-linux-gnu
ac_cv_lib_X11_XOpenDisplay=yes
ac_cv_lib_lzo2_lzo1x_1_compress=no
ac_cv_lib_lzo_lzo1x_1_compress=no
ac_cv_objext=o
ac_cv_path_AR=/usr/bin/ar
ac_cv_path_MAKE=/usr/bin/make
ac_cv_path_install='/usr/bin/install -c'
ac_cv_path_mkdir=/bin/mkdir
ac_cv_prog_AWK=gawk
ac_cv_prog_CPP='gcc -E'
ac_cv_prog_ac_ct_CC=gcc
ac_cv_prog_ac_ct_CXX=g++
ac_cv_prog_ac_ct_RANLIB=ranlib
ac_cv_prog_cc_c89=
ac_cv_prog_cc_g=yes
ac_cv_prog_cxx_g=yes
ac_cv_prog_make__usr_bin_make_set=yes
ac_cv_prog_make_make_set=yes
ac_cv_sizeof_char=1
ac_cv_sizeof_int=4
ac_cv_sizeof_long_int=8
ac_cv_sizeof_short=2
ac_cv_target=x86_64-unknown-linux-gnu
am_cv_CC_dependencies_compiler_type=gcc3
am_cv_CXX_dependencies_compiler_type=gcc3
am_cv_make_support_nested_variables=yes
am_cv_prog_cc_c_o=yes

## ----------------- ##
## Output variables. ##
## ----------------- ##

ACLOCAL='${SHELL} /home/dad/AndroidPhone/ht-2.1.0/missing aclocal-1.14'
AMDEPBACKSLASH='\'
AMDEP_FALSE='#'
AMDEP_TRUE=''
AMTAR='$${TAR-tar}'
AM_BACKSLASH='\'
AM_DEFAULT_V='$(AM_DEFAULT_VERBOSITY)'
AM_DEFAULT_VERBOSITY='1'
AM_V='$(V)'
AR='/usr/bin/ar'
AUTOCONF='${SHELL} /home/dad/AndroidPhone/ht-2.1.0/missing autoconf'
AUTOHEADER='${SHELL} /home/dad/AndroidPhone/ht-2.1.0/missing autoheader'
AUTOMAKE='${SHELL} /home/dad/AndroidPhone/ht-2.1.0/missing automake-1.14'
AWK='gawk'
CC='gcc'
CCDEPMODE='depmode=gcc3'
CFLAGS='-DNOMACROS -pipe -O3 -fomit-frame-pointer -Wall -fsigned-char -D_LARGEFILE_SOURCE -D_FILE_OFFSET_BITS=64 '
CPP='gcc -E'
CPPFLAGS=''
CXX='g++'
CXXDEPMODE='depmode=gcc3'
CXXFLAGS='-DNOMACROS -pipe -O3 -fomit-frame-pointer -Wall -fsigned-char -D_LARGEFILE_SOURCE -D_FILE_OFFSET_BITS=64 -Woverloaded-virtual -Wnon-virtual-dtor '
CYGPATH_W='echo'
DEFS='-DHAVE_CONFIG_H'
DEPDIR='.deps'
ECHO_C=''
ECHO_N='-n'
ECHO_T=''
EGREP=''
ENABLE_INCLUDED_LZO_FALSE='#'
ENABLE_INCLUDED_LZO_TRUE=''
EXEEXT=''
GREP=''
HT_LDFLAGS=' -L/usr/X11/lib -L/usr/X11R6/lib'
HT_LIBS=' -lX11 -lncurses'
INSTALL_DATA='${INSTALL} -m 644'
INSTALL_PROGRAM='${INSTALL}'
INSTALL_SCRIPT='${INSTALL}'
INSTALL_STRIP_PROGRAM='$(install_sh) -c -s'
IO_DIR='posix'
LDFLAGS=''
LEX='${SHELL} /home/dad/AndroidPhone/ht-2.1.0/missing flex'
LEXLIB=''
LEX_OUTPUT_ROOT=''
LIBOBJS=''
LIBS=''
LTLIBOBJS=''
LZO_LIBS=''
MAKE='/usr/bin/make'
MAKEINFO='${SHELL} /home/dad/AndroidPhone/ht-2.1.0/missing makeinfo'
MKDIR_P='/bin/mkdir -p'
OBJEXT='o'
PACKAGE='ht'
PACKAGE_BUGREPORT='https://sourceforge.net/tracker/?group_id=1066'
PACKAGE_NAME='ht'
PACKAGE_STRING='ht 2.1.0'
PACKAGE_TARNAME='ht'
PACKAGE_URL=''
PACKAGE_VERSION='2.1.0'
PATH_SEPARATOR=':'
RANLIB='ranlib'
SET_MAKE=''
SHELL='/bin/bash'
STRIP=''
USE_LZO_FALSE=''
USE_LZO_TRUE='#'
USE_POSIX_DIR_FALSE='#'
USE_POSIX_DIR_TRUE=''
USE_WIN32_DIR_FALSE=''
USE_WIN32_DIR_TRUE='#'
VERSION='2.1.0'
YACC='yacc'
YFLAGS=''
ac_ct_CC='gcc'
ac_ct_CXX='g++'
am__EXEEXT_FALSE=''
am__EXEEXT_TRUE='#'
am__fastdepCC_FALSE='#'
am__fastdepCC_TRUE=''
am__fastdepCXX_FALSE='#'
am__fastdepCXX_TRUE=''
am__include='include'
am__isrc=''
am__leading_dot='.'
am__nodep='_no'
am__quote=''
am__tar='$${TAR-tar} chof - "$$tardir"'
am__untar='$${TAR-tar} xf -'
bindir='${exec_prefix}/bin'
build='x86_64-unknown-linux-gnu'
build_alias=''
build_cpu='x86_64'
build_os='linux-gnu'
build_vendor='unknown'
datadir='${datarootdir}'
datarootdir='${prefix}/share'
docdir='${datarootdir}/doc/${PACKAGE_TARNAME}'
dvidir='${docdir}'
exec_prefix='${prefix}'
host='x86_64-unknown-linux-gnu'
host_alias=''
host_cpu='x86_64'
host_os='linux-gnu'
host_vendor='unknown'
htmldir='${docdir}'
includedir='${prefix}/include'
infodir='${datarootdir}/info'
install_sh='${SHELL} /home/dad/AndroidPhone/ht-2.1.0/install-sh'
libdir='${exec_prefix}/lib'
libexecdir='${exec_prefix}/libexec'
localedir='${datarootdir}/locale'
localstatedir='${prefix}/var'
mandir='${datarootdir}/man'
mkdir_p='$(MKDIR_P)'
oldincludedir='/usr/include'
pdfdir='${docdir}'
prefix='/usr/local'
program_transform_name='s,x,x,'
psdir='${docdir}'
sbindir='${exec_prefix}/sbin'
sharedstatedir='${prefix}/com'
sysconfdir='${prefix}/etc'
target='x86_64-unknown-linux-gnu'
target_alias=''
target_cpu='x86_64'
target_os='linux-gnu'
target_vendor='unknown'

## ----------- ##
## confdefs.h. ##
## ----------- ##

/* confdefs.h */
#define PACKAGE_NAME "ht"
#define PACKAGE_TARNAME "ht"
#define PACKAGE_VERSION "2.1.0"
#define PACKAGE_STRING "ht 2.1.0"
#define PACKAGE_BUGREPORT "https://sourceforge.net/tracker/?group_id=1066"
#define PACKAGE_URL ""
#define PACKAGE "ht"
#define VERSION "2.1.0"
#define SYSTEM_OSAPI_SPECIFIC_TYPES_HDR "io/posix/types.h"
#define USE_MINILZO 1
#define HAVE_TEXTMODE_X11 1
#define HAVE_STDLIB_H 1
#define HAVE_STRING_H 1
#define HAVE_STDINT_H 1
#define HAVE_NCURSES_H 1
#define CURSES_HDR <ncurses.h>
#define SIZEOF_CHAR 1
#define SIZEOF_SHORT 2
#define SIZEOF_INT 4
#define SIZEOF_LONG_INT 8

configure: exit 0
